<?xml version="1.0" encoding="UTF-8"?>
<testsuite xmlns:xsi="http://www.w3.org/2001/XMLSchema-instance" xsi:noNamespaceSchemaLocation="https://maven.apache.org/surefire/maven-surefire-plugin/xsd/surefire-test-report.xsd" name="ru.netology.bonus.BonusServiceTest" time="0.083" tests="10" errors="0" skipped="0" failures="0">
  <properties>
[...]
</properties>
  <testcase name="shouldCalculate{String, long, boolean, long}[1]" classname="ru.netology.bonus.BonusServiceTest" time="0.025"/>
  <testcase name="shouldCalculate{String, long, boolean, long}[2]" classname="ru.netology.bonus.BonusServiceTest" time="0.001"/>
  <testcase name="shouldCalculate{String, long, boolean, long}[3]" classname="ru.netology.bonus.BonusServiceTest" time="0.001"/>
  <testcase name="shouldCalculate{String, long, boolean, long}[4]" classname="ru.netology.bonus.BonusServiceTest" time="0.001"/>
  <testcase name="shouldCalculate{String, long, boolean, long}[5]" classname="ru.netology.bonus.BonusServiceTest" time="0.001"/>
  <testcase name="shouldCalculate{String, long, boolean, long}[6]" classname="ru.netology.bonus.BonusServiceTest" time="0"/>
  <testcase name="shouldCalculate{String, long, boolean, long}[7]" classname="ru.netology.bonus.BonusServiceTest" time="0.001"/>
  <testcase name="shouldCalculate{String, long, boolean, long}[8]" classname="ru.netology.bonus.BonusServiceTest" time="0.001"/>
  <testcase name="shouldCalculate{String, long, boolean, long}[9]" classname="ru.netology.bonus.BonusServiceTest" time="0.001"/>
  <testcase name="shouldCalculate{String, long, boolean, long}[10]" classname="ru.netology.bonus.BonusServiceTest" time="0"/>
</testsuite>